{
  "RSpec": {
    "coverage": {
      "/home/mehul/Rails_Fullstack_Project/turf_booking_p_v1/Rakefile": {
        "lines": [
          null,
          null,
          null,
          1,
          null,
          1
        ]
      },
      "/home/mehul/Rails_Fullstack_Project/turf_booking_p_v1/app/models/user.rb": {
        "lines": [
          1,
          null,
          null,
          1,
          null,
          null,
          null,
          null,
          1,
          1,
          null,
          null,
          1,
          1,
          null,
          null,
          null,
          1,
          null,
          1,
          0,
          null,
          null,
          1,
          0,
          null,
          null,
          null,
          1,
          1,
          1,
          null,
          null,
          null
        ]
      },
      "/home/mehul/Rails_Fullstack_Project/turf_booking_p_v1/app/models/application_record.rb": {
        "lines": [
          1,
          1,
          null
        ]
      },
      "/home/mehul/Rails_Fullstack_Project/turf_booking_p_v1/app/channels/application_cable/channel.rb": {
        "lines": [
          0,
          0,
          0,
          0
        ],
        "branches": {}
      },
      "/home/mehul/Rails_Fullstack_Project/turf_booking_p_v1/app/channels/application_cable/connection.rb": {
        "lines": [
          0,
          0,
          0,
          0
        ],
        "branches": {}
      },
      "/home/mehul/Rails_Fullstack_Project/turf_booking_p_v1/app/controllers/api/v1/authentication_controller.rb": {
        "lines": [
          0,
          0,
          0,
          0,
          0,
          null,
          null,
          null,
          null,
          0,
          null,
          0,
          null,
          null,
          0,
          null,
          null,
          null,
          null,
          0,
          null,
          null,
          null,
          0,
          null,
          null,
          null,
          0,
          0,
          0,
          0,
          null,
          null,
          0,
          0,
          0,
          null
        ],
        "branches": {}
      },
      "/home/mehul/Rails_Fullstack_Project/turf_booking_p_v1/app/controllers/api/v1/reviews_controller.rb": {
        "lines": [
          0,
          0,
          null,
          null,
          0,
          0,
          0,
          0,
          null,
          0,
          0,
          0,
          0,
          0,
          0,
          0,
          null,
          0,
          0,
          0,
          0,
          0,
          0,
          0,
          0,
          null,
          0,
          0,
          0,
          0,
          0,
          null,
          0,
          0,
          null,
          null,
          0,
          null,
          0,
          0,
          0,
          null,
          0,
          0,
          0,
          null,
          0
        ],
        "branches": {}
      },
      "/home/mehul/Rails_Fullstack_Project/turf_booking_p_v1/app/controllers/api/v1/time_slots_controller.rb": {
        "lines": [
          0,
          null,
          0,
          0,
          0,
          0,
          0,
          0,
          0,
          0,
          null,
          0,
          0,
          0,
          null,
          0,
          0,
          0,
          0,
          0,
          0,
          0,
          0,
          null,
          0,
          0,
          0,
          0,
          0,
          0,
          0,
          null,
          0,
          0,
          0,
          null,
          0,
          0,
          0,
          null,
          0,
          null,
          null,
          0,
          0,
          0,
          0
        ],
        "branches": {}
      },
      "/home/mehul/Rails_Fullstack_Project/turf_booking_p_v1/app/controllers/api/v1/turves_controller.rb": {
        "lines": [
          0,
          null,
          0,
          null,
          0,
          0,
          0,
          0,
          null,
          0,
          0,
          0,
          0,
          0,
          0,
          0,
          null,
          0,
          0,
          0,
          0,
          0,
          0,
          0,
          0,
          null,
          0,
          0,
          0,
          0,
          0,
          0,
          0,
          null,
          0,
          0,
          0,
          null,
          0,
          null,
          0,
          0,
          0
        ],
        "branches": {}
      },
      "/home/mehul/Rails_Fullstack_Project/turf_booking_p_v1/app/controllers/api/v1/users_controller.rb": {
        "lines": [
          0,
          0,
          0,
          null,
          0,
          0,
          0,
          0,
          null,
          null,
          0,
          0,
          0,
          0,
          0,
          0,
          0,
          null,
          0,
          0,
          0,
          null,
          0,
          0,
          0,
          0,
          0,
          null,
          0,
          0,
          0,
          0,
          0,
          0,
          null,
          0,
          0,
          0,
          null,
          0,
          null,
          0,
          null,
          0,
          0,
          null,
          0,
          0,
          0,
          0
        ],
        "branches": {}
      },
      "/home/mehul/Rails_Fullstack_Project/turf_booking_p_v1/app/controllers/application_controller.rb": {
        "lines": [
          0,
          null,
          0,
          null,
          null,
          null,
          0,
          0,
          null,
          null,
          null,
          null,
          0,
          null,
          0,
          null,
          null,
          0,
          0,
          0,
          0,
          null,
          0,
          null,
          null,
          null,
          0,
          0,
          0,
          null,
          null,
          null,
          null,
          null,
          null,
          null,
          null,
          null,
          0,
          null,
          0,
          0,
          0,
          0,
          0,
          0,
          0,
          null,
          0,
          0,
          0,
          null,
          0
        ],
        "branches": {}
      },
      "/home/mehul/Rails_Fullstack_Project/turf_booking_p_v1/app/controllers/concerns/jwt_token.rb": {
        "lines": [
          0,
          null,
          0,
          null,
          0,
          0,
          null,
          0,
          0,
          0,
          0,
          null,
          null,
          0,
          0,
          null,
          0,
          0,
          0,
          0,
          0,
          0,
          0
        ],
        "branches": {}
      },
      "/home/mehul/Rails_Fullstack_Project/turf_booking_p_v1/app/controllers/groups_controller.rb": {
        "lines": [
          0,
          0,
          null,
          null,
          0,
          0,
          0,
          null,
          null,
          0,
          0,
          null,
          null,
          0,
          0,
          0,
          null,
          null,
          0,
          0,
          null,
          null,
          0,
          0,
          null,
          0,
          0,
          0,
          0,
          0,
          0,
          0,
          0,
          0,
          0,
          null,
          null,
          0,
          0,
          0,
          0,
          0,
          0,
          0,
          0,
          0,
          0,
          0,
          null,
          null,
          0,
          0,
          null,
          0,
          0,
          0,
          0,
          0,
          null,
          0,
          null,
          0,
          0,
          0,
          null,
          null,
          0,
          0,
          0,
          0
        ],
        "branches": {}
      },
      "/home/mehul/Rails_Fullstack_Project/turf_booking_p_v1/app/controllers/home_controller.rb": {
        "lines": [
          0,
          0,
          0,
          0
        ],
        "branches": {}
      },
      "/home/mehul/Rails_Fullstack_Project/turf_booking_p_v1/app/controllers/reviews_controller.rb": {
        "lines": [
          0,
          null,
          null,
          0,
          0,
          0,
          null,
          0,
          0,
          0,
          null,
          0,
          0,
          0,
          null,
          0,
          0,
          null,
          0,
          0,
          0,
          0,
          0,
          0,
          null,
          0,
          0,
          0,
          0
        ],
        "branches": {}
      },
      "/home/mehul/Rails_Fullstack_Project/turf_booking_p_v1/app/controllers/time_slots_controller.rb": {
        "lines": [
          0,
          null,
          0,
          0,
          0,
          0,
          0,
          0,
          0,
          null,
          0,
          0,
          0,
          null,
          0,
          null,
          null,
          0,
          0,
          0,
          0,
          0,
          0,
          0,
          0,
          null,
          0,
          0,
          0,
          0,
          0,
          0,
          0,
          null,
          0,
          0,
          0,
          0,
          0,
          0,
          null,
          0,
          null,
          0,
          0,
          0,
          null,
          0,
          0,
          0,
          0
        ],
        "branches": {}
      },
      "/home/mehul/Rails_Fullstack_Project/turf_booking_p_v1/app/controllers/turves_controller.rb": {
        "lines": [
          0,
          null,
          null,
          0,
          null,
          0,
          0,
          0,
          null,
          0,
          0,
          0,
          null,
          0,
          0,
          null,
          0,
          0,
          null,
          0,
          0,
          0,
          0,
          0,
          0,
          0,
          0,
          null,
          0,
          0,
          0,
          0,
          0,
          0,
          0,
          null,
          0,
          0,
          0,
          0,
          0,
          0,
          0,
          null,
          0,
          0,
          0,
          null,
          0,
          0,
          null,
          0,
          0
        ],
        "branches": {}
      },
      "/home/mehul/Rails_Fullstack_Project/turf_booking_p_v1/app/controllers/users_controller.rb": {
        "lines": [
          0,
          0,
          0,
          null,
          null,
          0,
          0,
          0,
          null,
          null,
          0,
          0,
          0,
          null,
          null,
          null,
          0,
          null,
          0,
          null,
          0,
          null,
          0,
          null,
          null,
          0,
          0,
          0,
          0,
          0,
          0,
          0,
          0,
          null,
          null,
          null,
          0,
          0,
          0,
          0,
          0,
          0,
          0,
          null,
          null,
          0,
          null,
          0,
          0,
          0,
          0,
          0,
          0,
          null,
          0,
          0,
          0,
          null,
          0,
          0,
          0,
          0
        ],
        "branches": {}
      },
      "/home/mehul/Rails_Fullstack_Project/turf_booking_p_v1/app/helpers/api/v1/reviews_helper.rb": {
        "lines": [
          0,
          0
        ],
        "branches": {}
      },
      "/home/mehul/Rails_Fullstack_Project/turf_booking_p_v1/app/helpers/api/v1/time_slots_helper.rb": {
        "lines": [
          0,
          0
        ],
        "branches": {}
      },
      "/home/mehul/Rails_Fullstack_Project/turf_booking_p_v1/app/helpers/api/v1/turves_helper.rb": {
        "lines": [
          0,
          0
        ],
        "branches": {}
      },
      "/home/mehul/Rails_Fullstack_Project/turf_booking_p_v1/app/helpers/api/v1/users_helper.rb": {
        "lines": [
          0,
          0
        ],
        "branches": {}
      },
      "/home/mehul/Rails_Fullstack_Project/turf_booking_p_v1/app/helpers/application_helper.rb": {
        "lines": [
          0,
          0,
          0,
          0,
          0,
          0,
          0,
          0,
          0,
          0,
          0
        ],
        "branches": {}
      },
      "/home/mehul/Rails_Fullstack_Project/turf_booking_p_v1/app/helpers/authentication_helper.rb": {
        "lines": [
          0,
          0
        ],
        "branches": {}
      },
      "/home/mehul/Rails_Fullstack_Project/turf_booking_p_v1/app/helpers/groups_helper.rb": {
        "lines": [
          0,
          0
        ],
        "branches": {}
      },
      "/home/mehul/Rails_Fullstack_Project/turf_booking_p_v1/app/helpers/home_helper.rb": {
        "lines": [
          0,
          0
        ],
        "branches": {}
      },
      "/home/mehul/Rails_Fullstack_Project/turf_booking_p_v1/app/helpers/reviews_helper.rb": {
        "lines": [
          0,
          0
        ],
        "branches": {}
      },
      "/home/mehul/Rails_Fullstack_Project/turf_booking_p_v1/app/helpers/time_slots_helper.rb": {
        "lines": [
          0,
          0
        ],
        "branches": {}
      },
      "/home/mehul/Rails_Fullstack_Project/turf_booking_p_v1/app/helpers/users_helper.rb": {
        "lines": [
          0,
          0
        ],
        "branches": {}
      },
      "/home/mehul/Rails_Fullstack_Project/turf_booking_p_v1/app/jobs/application_job.rb": {
        "lines": [
          0,
          null,
          null,
          null,
          null,
          null,
          0
        ],
        "branches": {}
      },
      "/home/mehul/Rails_Fullstack_Project/turf_booking_p_v1/app/mailers/application_mailer.rb": {
        "lines": [
          0,
          0,
          0,
          0
        ],
        "branches": {}
      },
      "/home/mehul/Rails_Fullstack_Project/turf_booking_p_v1/app/models/booking.rb": {
        "lines": [
          0,
          0,
          0,
          0,
          null,
          0,
          0,
          null
        ],
        "branches": {}
      },
      "/home/mehul/Rails_Fullstack_Project/turf_booking_p_v1/app/models/group.rb": {
        "lines": [
          0,
          0
        ],
        "branches": {}
      },
      "/home/mehul/Rails_Fullstack_Project/turf_booking_p_v1/app/models/review.rb": {
        "lines": [
          0,
          0,
          0,
          null,
          0,
          0
        ],
        "branches": {}
      },
      "/home/mehul/Rails_Fullstack_Project/turf_booking_p_v1/app/models/role.rb": {
        "lines": [
          0,
          null,
          0,
          null,
          0,
          0
        ],
        "branches": {}
      },
      "/home/mehul/Rails_Fullstack_Project/turf_booking_p_v1/app/models/time_slot.rb": {
        "lines": [
          0,
          null,
          null,
          0,
          null,
          0,
          0,
          0,
          0,
          0
        ],
        "branches": {}
      },
      "/home/mehul/Rails_Fullstack_Project/turf_booking_p_v1/app/models/turf.rb": {
        "lines": [
          0,
          0,
          0,
          0,
          0,
          null,
          null,
          0,
          0,
          0,
          0,
          0,
          0,
          null,
          0,
          null
        ],
        "branches": {}
      }
    },
    "timestamp": 1738923358
  }
}
